<?xml version="1.0" encoding="UTF-8"?>
<!-- Generated by org.testng.reporters.JUnitXMLReporter -->
<testsuite ignored="0" hostname="Anthonys-MacBook-Pro.local" failures="1" tests="1" name="Test" time="750.405" errors="0" timestamp="03 Jul 2018 06:25:25 GMT">
  <testcase classname="TweetTest.TweetTestMain" name="mainTest" time="749.988">
    <failure type="cucumber.runtime.CucumberException" message="java.lang.AssertionError: Newly post message should appear in the main page stream list expected [true] but found [false]">
      <![CDATA[cucumber.runtime.CucumberException: java.lang.AssertionError: Newly post message should appear in the main page stream list expected [true] but found [false]
at cucumber.api.testng.TestNGCucumberRunner.runCukes(TestNGCucumberRunner.java:57)
at TweetTest.TweetTestMain.mainTest(TweetTestMain.java:25)
Caused by: java.lang.AssertionError: Newly post message should appear in the main page stream list expected [true] but found [false]
at StepDefinitions.TweetTestStepDefinition.findNewTweetMsgs(TweetTestStepDefinition.java:199)
at ✽.And the new Tweets are shown in the main page stream list(TweetTest.feature:77)
... Removed 31 stack frames]]>
    </failure>
  </testcase> <!-- mainTest -->
</testsuite> <!-- Test -->
